Rockruff 'Джава' из команды зеленых вступает в бой!
Phione 'Ошибаетесь, мухи на него слетаются по другой причине.' из команды фиолетовых вступает в бой!
Phione 'Ошибаетесь, мухи на него слетаются по другой причине.' атакует. 
Rockruff 'Джава' теряет 285 здоровья.
Rockruff 'Джава' теряет сознание.
Slakoth 'интерфейс не класс' из команды зеленых вступает в бой!
Phione 'Ошибаетесь, мухи на него слетаются по другой причине.' атакует. 
Slakoth 'интерфейс не класс' теряет 185 здоровья.
Slakoth 'интерфейс не класс' теряет сознание.
Slaking 'не стыдно, что от меня наследуешься?' из команды зеленых вступает в бой!
Phione 'Ошибаетесь, мухи на него слетаются по другой причине.' атакует. 
Slaking 'не стыдно, что от меня наследуешься?' теряет 107 здоровья.

Slaking 'не стыдно, что от меня наследуешься?' атакует. 
Phione 'Ошибаетесь, мухи на него слетаются по другой причине.' теряет 5 здоровья.

Phione 'Ошибаетесь, мухи на него слетаются по другой причине.' атакует. 
Phione 'Ошибаетесь, мухи на него слетаются по другой причине.' засыпает

Slaking 'не стыдно, что от меня наследуешься?' атакует. 
Phione 'Ошибаетесь, мухи на него слетаются по другой причине.' теряет 7 здоровья.

Phione 'Ошибаетесь, мухи на него слетаются по другой причине.' восстанавливает 666 здоровья.
Phione 'Ошибаетесь, мухи на него слетаются по другой причине.' атакует. 
Slaking 'не стыдно, что от меня наследуешься?' теряет 143 здоровья.
Slaking 'не стыдно, что от меня наследуешься?' теряет сознание.
В команде зеленых не осталось покемонов.
Команда фиолетовых побеждает в этом бою!
